[0.015s] Invoking command in '/home/eloisezeng/ros2_ws/build/hfield_cpp': CMAKE_PREFIX_PATH=${CMAKE_PREFIX_PATH}:/home/eloisezeng/ros2_ws/install/my_new_pkg:/home/eloisezeng/ros2_ws/install/my_launch:/opt/ros/jazzy DEBUGINFOD_URLS=https://debuginfod.ubuntu.com PS1=(ros312) \[\e]0;\u@\h: \w\a\]${debian_chroot:+($debian_chroot)}\[\033[01;32m\]\u@\h\[\033[00m\]:\[\033[01;34m\]\w\[\033[00m\]\$ VIRTUAL_ENV_PROMPT=(ros312) /usr/bin/cmake --build /home/eloisezeng/ros2_ws/build/hfield_cpp -- -j32 -l32
[0.185s] [ 50%] Built target hello_node
[0.186s] [ 75%] [32mBuilding CXX object CMakeFiles/hfield_node.dir/src/hfield_node.cpp.o[0m
[1.804s] [01m[K/home/eloisezeng/ros2_ws/src/hfield_cpp/src/hfield_node.cpp:[m[K In function â€˜[01m[Kint[01;32m[K main[m[K(int, char**)[m[Kâ€™:
[1.804s] [01m[K/home/eloisezeng/ros2_ws/src/hfield_cpp/src/hfield_node.cpp:270:18:[m[K [01;31m[Kerror: [m[Kâ€˜[01m[Kcam[m[Kâ€™ was not declared in this scope
[1.804s]   270 | ViewerCtx vctx{ &[01;31m[Kcam[m[K };
[1.805s]       |                  [01;31m[K^~~[m[K
[3.354s] gmake[2]: *** [CMakeFiles/hfield_node.dir/build.make:76: CMakeFiles/hfield_node.dir/src/hfield_node.cpp.o] Error 1
[3.354s] gmake[1]: *** [CMakeFiles/Makefile2:165: CMakeFiles/hfield_node.dir/all] Error 2
[3.354s] gmake: *** [Makefile:146: all] Error 2
[3.356s] Invoked command in '/home/eloisezeng/ros2_ws/build/hfield_cpp' returned '2': CMAKE_PREFIX_PATH=${CMAKE_PREFIX_PATH}:/home/eloisezeng/ros2_ws/install/my_new_pkg:/home/eloisezeng/ros2_ws/install/my_launch:/opt/ros/jazzy DEBUGINFOD_URLS=https://debuginfod.ubuntu.com PS1=(ros312) \[\e]0;\u@\h: \w\a\]${debian_chroot:+($debian_chroot)}\[\033[01;32m\]\u@\h\[\033[00m\]:\[\033[01;34m\]\w\[\033[00m\]\$ VIRTUAL_ENV_PROMPT=(ros312) /usr/bin/cmake --build /home/eloisezeng/ros2_ws/build/hfield_cpp -- -j32 -l32
